Failed to load sprite: /pieces/RB/states/idle/sprites/6.png
Failed to load sprite: /pieces/RB/states/jump/sprites/6.png
Failed to load sprite: /pieces/RB/states/long_rest/sprites/6.png
Failed to load sprite: /pieces/RB/states/move/sprites/6.png
Failed to load sprite: /pieces/RB/states/short_rest/sprites/6.png
Failed to load sprite: /pieces/NB/states/idle/sprites/6.png
Failed to load sprite: /pieces/NB/states/jump/sprites/6.png
Failed to load sprite: /pieces/NB/states/long_rest/sprites/6.png
Failed to load sprite: /pieces/NB/states/move/sprites/6.png
Failed to load sprite: /pieces/NB/states/short_rest/sprites/6.png
Failed to load sprite: /pieces/BB/states/idle/sprites/6.png
Failed to load sprite: /pieces/BB/states/jump/sprites/6.png
Failed to load sprite: /pieces/BB/states/long_rest/sprites/6.png
Failed to load sprite: /pieces/BB/states/move/sprites/6.png
Failed to load sprite: /pieces/BB/states/short_rest/sprites/6.png
Failed to load sprite: /pieces/KB/states/idle/sprites/6.png
Failed to load sprite: /pieces/KB/states/jump/sprites/6.png
Failed to load sprite: /pieces/KB/states/long_rest/sprites/6.png
Failed to load sprite: /pieces/KB/states/move/sprites/6.png
Failed to load sprite: /pieces/KB/states/short_rest/sprites/6.png
Failed to load sprite: /pieces/QB/states/idle/sprites/6.png
Failed to load sprite: /pieces/QB/states/jump/sprites/6.png
Failed to load sprite: /pieces/QB/states/long_rest/sprites/6.png
Failed to load sprite: /pieces/QB/states/move/sprites/6.png
Failed to load sprite: /pieces/QB/states/short_rest/sprites/6.png
Failed to load sprite: /pieces/BB/states/idle/sprites/6.png
Failed to load sprite: /pieces/BB/states/jump/sprites/6.png
Failed to load sprite: /pieces/BB/states/long_rest/sprites/6.png
Failed to load sprite: /pieces/BB/states/move/sprites/6.png
Failed to load sprite: /pieces/BB/states/short_rest/sprites/6.png
Failed to load sprite: /pieces/NB/states/idle/sprites/6.png
Failed to load sprite: /pieces/NB/states/jump/sprites/6.png
Failed to load sprite: /pieces/NB/states/long_rest/sprites/6.png
Failed to load sprite: /pieces/NB/states/move/sprites/6.png
Failed to load sprite: /pieces/NB/states/short_rest/sprites/6.png
Failed to load sprite: /pieces/RB/states/idle/sprites/6.png
Failed to load sprite: /pieces/RB/states/jump/sprites/6.png
Failed to load sprite: /pieces/RB/states/long_rest/sprites/6.png
Failed to load sprite: /pieces/RB/states/move/sprites/6.png
Failed to load sprite: /pieces/RB/states/short_rest/sprites/6.png
Failed to load sprite: /pieces/PB/states/idle/sprites/6.png
Failed to load sprite: /pieces/PB/states/jump/sprites/6.png
Failed to load sprite: /pieces/PB/states/long_rest/sprites/6.png
Failed to load sprite: /pieces/PB/states/move/sprites/6.png
Failed to load sprite: /pieces/PB/states/short_rest/sprites/6.png
Failed to load sprite: /pieces/PB/states/idle/sprites/6.png
Failed to load sprite: /pieces/PB/states/jump/sprites/6.png
Failed to load sprite: /pieces/PB/states/long_rest/sprites/6.png
Failed to load sprite: /pieces/PB/states/move/sprites/6.png
Failed to load sprite: /pieces/PB/states/short_rest/sprites/6.png
Failed to load sprite: /pieces/PB/states/idle/sprites/6.png
Failed to load sprite: /pieces/PB/states/jump/sprites/6.png
Failed to load sprite: /pieces/PB/states/long_rest/sprites/6.png
Failed to load sprite: /pieces/PB/states/move/sprites/6.png
Failed to load sprite: /pieces/PB/states/short_rest/sprites/6.png
Failed to load sprite: /pieces/PB/states/idle/sprites/6.png
Failed to load sprite: /pieces/PB/states/jump/sprites/6.png
Failed to load sprite: /pieces/PB/states/long_rest/sprites/6.png
Failed to load sprite: /pieces/PB/states/move/sprites/6.png
Failed to load sprite: /pieces/PB/states/short_rest/sprites/6.png
Failed to load sprite: /pieces/PB/states/idle/sprites/6.png
Failed to load sprite: /pieces/PB/states/jump/sprites/6.png
Failed to load sprite: /pieces/PB/states/long_rest/sprites/6.png
Failed to load sprite: /pieces/PB/states/move/sprites/6.png
Failed to load sprite: /pieces/PB/states/short_rest/sprites/6.png
Failed to load sprite: /pieces/PB/states/idle/sprites/6.png
Failed to load sprite: /pieces/PB/states/jump/sprites/6.png
Failed to load sprite: /pieces/PB/states/long_rest/sprites/6.png
Failed to load sprite: /pieces/PB/states/move/sprites/6.png
Failed to load sprite: /pieces/PB/states/short_rest/sprites/6.png
Failed to load sprite: /pieces/PB/states/idle/sprites/6.png
Failed to load sprite: /pieces/PB/states/jump/sprites/6.png
Failed to load sprite: /pieces/PB/states/long_rest/sprites/6.png
Failed to load sprite: /pieces/PB/states/move/sprites/6.png
Failed to load sprite: /pieces/PB/states/short_rest/sprites/6.png
Failed to load sprite: /pieces/PB/states/idle/sprites/6.png
Failed to load sprite: /pieces/PB/states/jump/sprites/6.png
Failed to load sprite: /pieces/PB/states/long_rest/sprites/6.png
Failed to load sprite: /pieces/PB/states/move/sprites/6.png
Failed to load sprite: /pieces/PB/states/short_rest/sprites/6.png
Failed to load sprite: /pieces/PW/states/idle/sprites/6.png
Failed to load sprite: /pieces/PW/states/jump/sprites/6.png
Failed to load sprite: /pieces/PW/states/long_rest/sprites/6.png
Failed to load sprite: /pieces/PW/states/move/sprites/6.png
Failed to load sprite: /pieces/PW/states/short_rest/sprites/6.png
Failed to load sprite: /pieces/PW/states/idle/sprites/6.png
Failed to load sprite: /pieces/PW/states/jump/sprites/6.png
Failed to load sprite: /pieces/PW/states/long_rest/sprites/6.png
Failed to load sprite: /pieces/PW/states/move/sprites/6.png
Failed to load sprite: /pieces/PW/states/short_rest/sprites/6.png
Failed to load sprite: /pieces/PW/states/idle/sprites/6.png
Failed to load sprite: /pieces/PW/states/jump/sprites/6.png
Failed to load sprite: /pieces/PW/states/long_rest/sprites/6.png
Failed to load sprite: /pieces/PW/states/move/sprites/6.png
Failed to load sprite: /pieces/PW/states/short_rest/sprites/6.png
Failed to load sprite: /pieces/PW/states/idle/sprites/6.png
Failed to load sprite: /pieces/PW/states/jump/sprites/6.png
Failed to load sprite: /pieces/PW/states/long_rest/sprites/6.png
Failed to load sprite: /pieces/PW/states/move/sprites/6.png
Failed to load sprite: /pieces/PW/states/short_rest/sprites/6.png
Failed to load sprite: /pieces/PW/states/idle/sprites/6.png
Failed to load sprite: /pieces/PW/states/jump/sprites/6.png
Failed to load sprite: /pieces/PW/states/long_rest/sprites/6.png
Failed to load sprite: /pieces/PW/states/move/sprites/6.png
Failed to load sprite: /pieces/PW/states/short_rest/sprites/6.png
Failed to load sprite: /pieces/PW/states/idle/sprites/6.png
Failed to load sprite: /pieces/PW/states/jump/sprites/6.png
Failed to load sprite: /pieces/PW/states/long_rest/sprites/6.png
Failed to load sprite: /pieces/PW/states/move/sprites/6.png
Failed to load sprite: /pieces/PW/states/short_rest/sprites/6.png
Failed to load sprite: /pieces/PW/states/idle/sprites/6.png
Failed to load sprite: /pieces/PW/states/jump/sprites/6.png
Failed to load sprite: /pieces/PW/states/long_rest/sprites/6.png
Failed to load sprite: /pieces/PW/states/move/sprites/6.png
Failed to load sprite: /pieces/PW/states/short_rest/sprites/6.png
Failed to load sprite: /pieces/PW/states/idle/sprites/6.png
Failed to load sprite: /pieces/PW/states/jump/sprites/6.png
Failed to load sprite: /pieces/PW/states/long_rest/sprites/6.png
Failed to load sprite: /pieces/PW/states/move/sprites/6.png
Failed to load sprite: /pieces/PW/states/short_rest/sprites/6.png
Failed to load sprite: /pieces/RW/states/idle/sprites/6.png
Failed to load sprite: /pieces/RW/states/jump/sprites/6.png
Failed to load sprite: /pieces/RW/states/long_rest/sprites/6.png
Failed to load sprite: /pieces/RW/states/move/sprites/6.png
Failed to load sprite: /pieces/RW/states/short_rest/sprites/6.png
Failed to load sprite: /pieces/NW/states/idle/sprites/6.png
Failed to load sprite: /pieces/NW/states/jump/sprites/6.png
Failed to load sprite: /pieces/NW/states/long_rest/sprites/6.png
Failed to load sprite: /pieces/NW/states/move/sprites/6.png
Failed to load sprite: /pieces/NW/states/short_rest/sprites/6.png
Failed to load sprite: /pieces/BW/states/idle/sprites/6.png
Failed to load sprite: /pieces/BW/states/jump/sprites/6.png
Failed to load sprite: /pieces/BW/states/long_rest/sprites/6.png
Failed to load sprite: /pieces/BW/states/move/sprites/6.png
Failed to load sprite: /pieces/BW/states/short_rest/sprites/6.png
Failed to load sprite: /pieces/KW/states/idle/sprites/6.png
Failed to load sprite: /pieces/KW/states/jump/sprites/6.png
Failed to load sprite: /pieces/KW/states/long_rest/sprites/6.png
Failed to load sprite: /pieces/KW/states/move/sprites/6.png
Failed to load sprite: /pieces/KW/states/short_rest/sprites/6.png
Failed to load sprite: /pieces/QW/states/idle/sprites/6.png
Failed to load sprite: /pieces/QW/states/jump/sprites/6.png
Failed to load sprite: /pieces/QW/states/long_rest/sprites/6.png
Failed to load sprite: /pieces/QW/states/move/sprites/6.png
Failed to load sprite: /pieces/QW/states/short_rest/sprites/6.png
Failed to load sprite: /pieces/BW/states/idle/sprites/6.png
Failed to load sprite: /pieces/BW/states/jump/sprites/6.png
Failed to load sprite: /pieces/BW/states/long_rest/sprites/6.png
Failed to load sprite: /pieces/BW/states/move/sprites/6.png
Failed to load sprite: /pieces/BW/states/short_rest/sprites/6.png
Failed to load sprite: /pieces/NW/states/idle/sprites/6.png
Failed to load sprite: /pieces/NW/states/jump/sprites/6.png
Failed to load sprite: /pieces/NW/states/long_rest/sprites/6.png
Failed to load sprite: /pieces/NW/states/move/sprites/6.png
Failed to load sprite: /pieces/NW/states/short_rest/sprites/6.png
Failed to load sprite: /pieces/RW/states/idle/sprites/6.png
Failed to load sprite: /pieces/RW/states/jump/sprites/6.png
Failed to load sprite: /pieces/RW/states/long_rest/sprites/6.png
Failed to load sprite: /pieces/RW/states/move/sprites/6.png
Failed to load sprite: /pieces/RW/states/short_rest/sprites/6.png
Debug: Initial game state setup
Debug: Initial game state setup
Moving from row: 1, col: 0 to row: 2, col: 1
Moving from row: 0, col: 0 to row: 5, col: 0
can not choose piece
can not choose piece
long_rest animation finished
long_rest animation finished
Moving from row: 2, col: 1 to row: 3, col: 1
Moving from row: 6, col: 3 to row: 4, col: 3
long_rest animation finished
long_rest animation finished
long_rest animation finished
long_rest animation finished
Moving from row: 5, col: 0 to row: 6, col: 0
long_rest animation finished
long_rest animation finished
State: idle
Captured on landing: 6,0
can not choose piece
long_rest animation finished
long_rest animation finished
Moving from row: 6, col: 0 to row: 6, col: 1
State: jump
No capture: piece not jumping on landing
Jump animation finished, transitioning to: short_rest
Jump animation finished, transitioning to: short_rest
short_rest animation finished
short_rest animation finished
Failed to load sprite: /pieces/RB/states/idle/sprites/6.png
Failed to load sprite: /pieces/RB/states/jump/sprites/6.png
Failed to load sprite: /pieces/RB/states/long_rest/sprites/6.png
Failed to load sprite: /pieces/RB/states/move/sprites/6.png
Failed to load sprite: /pieces/RB/states/short_rest/sprites/6.png
Failed to load sprite: /pieces/NB/states/idle/sprites/6.png
Failed to load sprite: /pieces/NB/states/jump/sprites/6.png
Failed to load sprite: /pieces/NB/states/long_rest/sprites/6.png
Failed to load sprite: /pieces/NB/states/move/sprites/6.png
Failed to load sprite: /pieces/NB/states/short_rest/sprites/6.png
Failed to load sprite: /pieces/BB/states/idle/sprites/6.png
Failed to load sprite: /pieces/BB/states/jump/sprites/6.png
Failed to load sprite: /pieces/BB/states/long_rest/sprites/6.png
Failed to load sprite: /pieces/BB/states/move/sprites/6.png
Failed to load sprite: /pieces/BB/states/short_rest/sprites/6.png
Failed to load sprite: /pieces/KB/states/idle/sprites/6.png
Failed to load sprite: /pieces/KB/states/jump/sprites/6.png
Failed to load sprite: /pieces/KB/states/long_rest/sprites/6.png
Failed to load sprite: /pieces/KB/states/move/sprites/6.png
Failed to load sprite: /pieces/KB/states/short_rest/sprites/6.png
Failed to load sprite: /pieces/QB/states/idle/sprites/6.png
Failed to load sprite: /pieces/QB/states/jump/sprites/6.png
Failed to load sprite: /pieces/QB/states/long_rest/sprites/6.png
Failed to load sprite: /pieces/QB/states/move/sprites/6.png
Failed to load sprite: /pieces/QB/states/short_rest/sprites/6.png
Failed to load sprite: /pieces/BB/states/idle/sprites/6.png
Failed to load sprite: /pieces/BB/states/jump/sprites/6.png
Failed to load sprite: /pieces/BB/states/long_rest/sprites/6.png
Failed to load sprite: /pieces/BB/states/move/sprites/6.png
Failed to load sprite: /pieces/BB/states/short_rest/sprites/6.png
Failed to load sprite: /pieces/NB/states/idle/sprites/6.png
Failed to load sprite: /pieces/NB/states/jump/sprites/6.png
Failed to load sprite: /pieces/NB/states/long_rest/sprites/6.png
Failed to load sprite: /pieces/NB/states/move/sprites/6.png
Failed to load sprite: /pieces/NB/states/short_rest/sprites/6.png
Failed to load sprite: /pieces/RB/states/idle/sprites/6.png
Failed to load sprite: /pieces/RB/states/jump/sprites/6.png
Failed to load sprite: /pieces/RB/states/long_rest/sprites/6.png
Failed to load sprite: /pieces/RB/states/move/sprites/6.png
Failed to load sprite: /pieces/RB/states/short_rest/sprites/6.png
Failed to load sprite: /pieces/PB/states/idle/sprites/6.png
Failed to load sprite: /pieces/PB/states/jump/sprites/6.png
Failed to load sprite: /pieces/PB/states/long_rest/sprites/6.png
Failed to load sprite: /pieces/PB/states/move/sprites/6.png
Failed to load sprite: /pieces/PB/states/short_rest/sprites/6.png
Failed to load sprite: /pieces/PB/states/idle/sprites/6.png
Failed to load sprite: /pieces/PB/states/jump/sprites/6.png
Failed to load sprite: /pieces/PB/states/long_rest/sprites/6.png
Failed to load sprite: /pieces/PB/states/move/sprites/6.png
Failed to load sprite: /pieces/PB/states/short_rest/sprites/6.png
Failed to load sprite: /pieces/PB/states/idle/sprites/6.png
Failed to load sprite: /pieces/PB/states/jump/sprites/6.png
Failed to load sprite: /pieces/PB/states/long_rest/sprites/6.png
Failed to load sprite: /pieces/PB/states/move/sprites/6.png
Failed to load sprite: /pieces/PB/states/short_rest/sprites/6.png
Failed to load sprite: /pieces/PB/states/idle/sprites/6.png
Failed to load sprite: /pieces/PB/states/jump/sprites/6.png
Failed to load sprite: /pieces/PB/states/long_rest/sprites/6.png
Failed to load sprite: /pieces/PB/states/move/sprites/6.png
Failed to load sprite: /pieces/PB/states/short_rest/sprites/6.png
Failed to load sprite: /pieces/PB/states/idle/sprites/6.png
Failed to load sprite: /pieces/PB/states/jump/sprites/6.png
Failed to load sprite: /pieces/PB/states/long_rest/sprites/6.png
Failed to load sprite: /pieces/PB/states/move/sprites/6.png
Failed to load sprite: /pieces/PB/states/short_rest/sprites/6.png
Failed to load sprite: /pieces/PB/states/idle/sprites/6.png
Failed to load sprite: /pieces/PB/states/jump/sprites/6.png
Failed to load sprite: /pieces/PB/states/long_rest/sprites/6.png
Failed to load sprite: /pieces/PB/states/move/sprites/6.png
Failed to load sprite: /pieces/PB/states/short_rest/sprites/6.png
Failed to load sprite: /pieces/PB/states/idle/sprites/6.png
Failed to load sprite: /pieces/PB/states/jump/sprites/6.png
Failed to load sprite: /pieces/PB/states/long_rest/sprites/6.png
Failed to load sprite: /pieces/PB/states/move/sprites/6.png
Failed to load sprite: /pieces/PB/states/short_rest/sprites/6.png
Failed to load sprite: /pieces/PB/states/idle/sprites/6.png
Failed to load sprite: /pieces/PB/states/jump/sprites/6.png
Failed to load sprite: /pieces/PB/states/long_rest/sprites/6.png
Failed to load sprite: /pieces/PB/states/move/sprites/6.png
Failed to load sprite: /pieces/PB/states/short_rest/sprites/6.png
Failed to load sprite: /pieces/PW/states/idle/sprites/6.png
Failed to load sprite: /pieces/PW/states/jump/sprites/6.png
Failed to load sprite: /pieces/PW/states/long_rest/sprites/6.png
Failed to load sprite: /pieces/PW/states/move/sprites/6.png
Failed to load sprite: /pieces/PW/states/short_rest/sprites/6.png
Failed to load sprite: /pieces/PW/states/idle/sprites/6.png
Failed to load sprite: /pieces/PW/states/jump/sprites/6.png
Failed to load sprite: /pieces/PW/states/long_rest/sprites/6.png
Failed to load sprite: /pieces/PW/states/move/sprites/6.png
Failed to load sprite: /pieces/PW/states/short_rest/sprites/6.png
Failed to load sprite: /pieces/PW/states/idle/sprites/6.png
Failed to load sprite: /pieces/PW/states/jump/sprites/6.png
Failed to load sprite: /pieces/PW/states/long_rest/sprites/6.png
Failed to load sprite: /pieces/PW/states/move/sprites/6.png
Failed to load sprite: /pieces/PW/states/short_rest/sprites/6.png
Failed to load sprite: /pieces/PW/states/idle/sprites/6.png
Failed to load sprite: /pieces/PW/states/jump/sprites/6.png
Failed to load sprite: /pieces/PW/states/long_rest/sprites/6.png
Failed to load sprite: /pieces/PW/states/move/sprites/6.png
Failed to load sprite: /pieces/PW/states/short_rest/sprites/6.png
Failed to load sprite: /pieces/PW/states/idle/sprites/6.png
Failed to load sprite: /pieces/PW/states/jump/sprites/6.png
Failed to load sprite: /pieces/PW/states/long_rest/sprites/6.png
Failed to load sprite: /pieces/PW/states/move/sprites/6.png
Failed to load sprite: /pieces/PW/states/short_rest/sprites/6.png
Failed to load sprite: /pieces/PW/states/idle/sprites/6.png
Failed to load sprite: /pieces/PW/states/jump/sprites/6.png
Failed to load sprite: /pieces/PW/states/long_rest/sprites/6.png
Failed to load sprite: /pieces/PW/states/move/sprites/6.png
Failed to load sprite: /pieces/PW/states/short_rest/sprites/6.png
Failed to load sprite: /pieces/PW/states/idle/sprites/6.png
Failed to load sprite: /pieces/PW/states/jump/sprites/6.png
Failed to load sprite: /pieces/PW/states/long_rest/sprites/6.png
Failed to load sprite: /pieces/PW/states/move/sprites/6.png
Failed to load sprite: /pieces/PW/states/short_rest/sprites/6.png
Failed to load sprite: /pieces/PW/states/idle/sprites/6.png
Failed to load sprite: /pieces/PW/states/jump/sprites/6.png
Failed to load sprite: /pieces/PW/states/long_rest/sprites/6.png
Failed to load sprite: /pieces/PW/states/move/sprites/6.png
Failed to load sprite: /pieces/PW/states/short_rest/sprites/6.png
Failed to load sprite: /pieces/RW/states/idle/sprites/6.png
Failed to load sprite: /pieces/RW/states/jump/sprites/6.png
Failed to load sprite: /pieces/RW/states/long_rest/sprites/6.png
Failed to load sprite: /pieces/RW/states/move/sprites/6.png
Failed to load sprite: /pieces/RW/states/short_rest/sprites/6.png
Failed to load sprite: /pieces/NW/states/idle/sprites/6.png
Failed to load sprite: /pieces/NW/states/jump/sprites/6.png
Failed to load sprite: /pieces/NW/states/long_rest/sprites/6.png
Failed to load sprite: /pieces/NW/states/move/sprites/6.png
Failed to load sprite: /pieces/NW/states/short_rest/sprites/6.png
Failed to load sprite: /pieces/BW/states/idle/sprites/6.png
Failed to load sprite: /pieces/BW/states/jump/sprites/6.png
Failed to load sprite: /pieces/BW/states/long_rest/sprites/6.png
Failed to load sprite: /pieces/BW/states/move/sprites/6.png
Failed to load sprite: /pieces/BW/states/short_rest/sprites/6.png
Failed to load sprite: /pieces/KW/states/idle/sprites/6.png
Failed to load sprite: /pieces/KW/states/jump/sprites/6.png
Failed to load sprite: /pieces/KW/states/long_rest/sprites/6.png
Failed to load sprite: /pieces/KW/states/move/sprites/6.png
Failed to load sprite: /pieces/KW/states/short_rest/sprites/6.png
Failed to load sprite: /pieces/QW/states/idle/sprites/6.png
Failed to load sprite: /pieces/QW/states/jump/sprites/6.png
Failed to load sprite: /pieces/QW/states/long_rest/sprites/6.png
Failed to load sprite: /pieces/QW/states/move/sprites/6.png
Failed to load sprite: /pieces/QW/states/short_rest/sprites/6.png
Failed to load sprite: /pieces/BW/states/idle/sprites/6.png
Failed to load sprite: /pieces/BW/states/jump/sprites/6.png
Failed to load sprite: /pieces/BW/states/long_rest/sprites/6.png
Failed to load sprite: /pieces/BW/states/move/sprites/6.png
Failed to load sprite: /pieces/BW/states/short_rest/sprites/6.png
Failed to load sprite: /pieces/NW/states/idle/sprites/6.png
Failed to load sprite: /pieces/NW/states/jump/sprites/6.png
Failed to load sprite: /pieces/NW/states/long_rest/sprites/6.png
Failed to load sprite: /pieces/NW/states/move/sprites/6.png
Failed to load sprite: /pieces/NW/states/short_rest/sprites/6.png
Failed to load sprite: /pieces/RW/states/idle/sprites/6.png
Failed to load sprite: /pieces/RW/states/jump/sprites/6.png
Failed to load sprite: /pieces/RW/states/long_rest/sprites/6.png
Failed to load sprite: /pieces/RW/states/move/sprites/6.png
Failed to load sprite: /pieces/RW/states/short_rest/sprites/6.png
Debug: Initial game state setup
Jump animation finished, transitioning to: short_rest
Jump animation finished, transitioning to: short_rest
short_rest animation finished
short_rest animation finished
Moving from row: 1, col: 0 to row: 2, col: 1
Moving from row: 0, col: 0 to row: 5, col: 0
long_rest animation finished
long_rest animation finished
Illegal move from row: 2, col: 1 to row: 4, col: 2
Jump animation finished, transitioning to: short_rest
Jump animation finished, transitioning to: short_rest
short_rest animation finished
short_rest animation finished
Illegal move from row: 2, col: 1 to row: 4, col: 2
Moving from row: 2, col: 1 to row: 3, col: 1
long_rest animation finished
long_rest animation finished
long_rest animation finished
long_rest animation finished
Moving from row: 5, col: 0 to row: 6, col: 0
State: idle
Captured on landing: 6,0
can not choose piece
long_rest animation finished
long_rest animation finished
Moving from row: 6, col: 0 to row: 6, col: 1
State: jump
No capture: piece not jumping on landing
Jump animation finished, transitioning to: short_rest
Jump animation finished, transitioning to: short_rest
short_rest animation finished
short_rest animation finished
Exception in createPieceByCode: No enum constant interfaces.EState.idle
Exception in createPieceByCode: No enum constant interfaces.EState.idle
Exception in createPieceByCode: No enum constant interfaces.EState.idle
Exception in createPieceByCode: No enum constant interfaces.EState.idle
Exception in createPieceByCode: No enum constant interfaces.EState.idle
Exception in createPieceByCode: No enum constant interfaces.EState.idle
Exception in createPieceByCode: No enum constant interfaces.EState.idle
Exception in createPieceByCode: No enum constant interfaces.EState.idle
Exception in createPieceByCode: No enum constant interfaces.EState.idle
Exception in createPieceByCode: No enum constant interfaces.EState.idle
Exception in createPieceByCode: No enum constant interfaces.EState.idle
Exception in createPieceByCode: No enum constant interfaces.EState.idle
Exception in createPieceByCode: No enum constant interfaces.EState.idle
Exception in createPieceByCode: No enum constant interfaces.EState.idle
Exception in createPieceByCode: No enum constant interfaces.EState.idle
Exception in createPieceByCode: No enum constant interfaces.EState.idle
Exception in createPieceByCode: No enum constant interfaces.EState.idle
Exception in createPieceByCode: No enum constant interfaces.EState.idle
Exception in createPieceByCode: No enum constant interfaces.EState.idle
Exception in createPieceByCode: No enum constant interfaces.EState.idle
Exception in createPieceByCode: No enum constant interfaces.EState.idle
Exception in createPieceByCode: No enum constant interfaces.EState.idle
Exception in createPieceByCode: No enum constant interfaces.EState.idle
Exception in createPieceByCode: No enum constant interfaces.EState.idle
Exception in createPieceByCode: No enum constant interfaces.EState.idle
Exception in createPieceByCode: No enum constant interfaces.EState.idle
Exception in createPieceByCode: No enum constant interfaces.EState.idle
Exception in createPieceByCode: No enum constant interfaces.EState.idle
Exception in createPieceByCode: No enum constant interfaces.EState.idle
Exception in createPieceByCode: No enum constant interfaces.EState.idle
Exception in createPieceByCode: No enum constant interfaces.EState.idle
Exception in createPieceByCode: No enum constant interfaces.EState.idle
Exception in createPieceByCode: No enum constant interfaces.EState.idle
Exception in createPieceByCode: No enum constant interfaces.EState.idle
Exception in createPieceByCode: No enum constant interfaces.EState.idle
Exception in createPieceByCode: No enum constant interfaces.EState.idle
Exception in createPieceByCode: No enum constant interfaces.EState.idle
Exception in createPieceByCode: No enum constant interfaces.EState.idle
Exception in createPieceByCode: No enum constant interfaces.EState.idle
Exception in createPieceByCode: No enum constant interfaces.EState.idle
Exception in createPieceByCode: No enum constant interfaces.EState.idle
Exception in createPieceByCode: No enum constant interfaces.EState.idle
Exception in createPieceByCode: No enum constant interfaces.EState.idle
Exception in createPieceByCode: No enum constant interfaces.EState.idle
Exception in createPieceByCode: No enum constant interfaces.EState.idle
Exception in createPieceByCode: No enum constant interfaces.EState.idle
Exception in createPieceByCode: No enum constant interfaces.EState.idle
Exception in createPieceByCode: No enum constant interfaces.EState.idle
Exception in createPieceByCode: No enum constant interfaces.EState.idle
Exception in createPieceByCode: No enum constant interfaces.EState.idle
Exception in createPieceByCode: No enum constant interfaces.EState.idle
Exception in createPieceByCode: No enum constant interfaces.EState.idle
Exception in createPieceByCode: No enum constant interfaces.EState.idle
Exception in createPieceByCode: No enum constant interfaces.EState.idle
Exception in createPieceByCode: No enum constant interfaces.EState.idle
Exception in createPieceByCode: No enum constant interfaces.EState.idle
Exception in createPieceByCode: No enum constant interfaces.EState.idle
Exception in createPieceByCode: No enum constant interfaces.EState.idle
Exception in createPieceByCode: No enum constant interfaces.EState.idle
Exception in createPieceByCode: No enum constant interfaces.EState.idle
Exception in createPieceByCode: No enum constant interfaces.EState.idle
Exception in createPieceByCode: No enum constant interfaces.EState.idle
Exception in createPieceByCode: No enum constant interfaces.EState.idle
Exception in createPieceByCode: No enum constant interfaces.EState.idle
Failed to load sprite: /pieces/RB/states/idle/sprites/6.png
Failed to load sprite: /pieces/RB/states/jump/sprites/6.png
Failed to load sprite: /pieces/RB/states/long_rest/sprites/6.png
Failed to load sprite: /pieces/RB/states/move/sprites/6.png
Failed to load sprite: /pieces/RB/states/short_rest/sprites/6.png
Failed to load sprite: /pieces/NB/states/idle/sprites/6.png
Failed to load sprite: /pieces/NB/states/jump/sprites/6.png
Failed to load sprite: /pieces/NB/states/long_rest/sprites/6.png
Failed to load sprite: /pieces/NB/states/move/sprites/6.png
Failed to load sprite: /pieces/NB/states/short_rest/sprites/6.png
Failed to load sprite: /pieces/BB/states/idle/sprites/6.png
Failed to load sprite: /pieces/BB/states/jump/sprites/6.png
Failed to load sprite: /pieces/BB/states/long_rest/sprites/6.png
Failed to load sprite: /pieces/BB/states/move/sprites/6.png
Failed to load sprite: /pieces/BB/states/short_rest/sprites/6.png
Failed to load sprite: /pieces/KB/states/idle/sprites/6.png
Failed to load sprite: /pieces/KB/states/jump/sprites/6.png
Failed to load sprite: /pieces/KB/states/long_rest/sprites/6.png
Failed to load sprite: /pieces/KB/states/move/sprites/6.png
Failed to load sprite: /pieces/KB/states/short_rest/sprites/6.png
Failed to load sprite: /pieces/QB/states/idle/sprites/6.png
Failed to load sprite: /pieces/QB/states/jump/sprites/6.png
Failed to load sprite: /pieces/QB/states/long_rest/sprites/6.png
Failed to load sprite: /pieces/QB/states/move/sprites/6.png
Failed to load sprite: /pieces/QB/states/short_rest/sprites/6.png
Failed to load sprite: /pieces/BB/states/idle/sprites/6.png
Failed to load sprite: /pieces/BB/states/jump/sprites/6.png
Failed to load sprite: /pieces/BB/states/long_rest/sprites/6.png
Failed to load sprite: /pieces/BB/states/move/sprites/6.png
Failed to load sprite: /pieces/BB/states/short_rest/sprites/6.png
Failed to load sprite: /pieces/NB/states/idle/sprites/6.png
Failed to load sprite: /pieces/NB/states/jump/sprites/6.png
Failed to load sprite: /pieces/NB/states/long_rest/sprites/6.png
Failed to load sprite: /pieces/NB/states/move/sprites/6.png
Failed to load sprite: /pieces/NB/states/short_rest/sprites/6.png
Failed to load sprite: /pieces/RB/states/idle/sprites/6.png
Failed to load sprite: /pieces/RB/states/jump/sprites/6.png
Failed to load sprite: /pieces/RB/states/long_rest/sprites/6.png
Failed to load sprite: /pieces/RB/states/move/sprites/6.png
Failed to load sprite: /pieces/RB/states/short_rest/sprites/6.png
Failed to load sprite: /pieces/PB/states/idle/sprites/6.png
Failed to load sprite: /pieces/PB/states/jump/sprites/6.png
Failed to load sprite: /pieces/PB/states/long_rest/sprites/6.png
Failed to load sprite: /pieces/PB/states/move/sprites/6.png
Failed to load sprite: /pieces/PB/states/short_rest/sprites/6.png
Failed to load sprite: /pieces/PB/states/idle/sprites/6.png
Failed to load sprite: /pieces/PB/states/jump/sprites/6.png
Failed to load sprite: /pieces/PB/states/long_rest/sprites/6.png
Failed to load sprite: /pieces/PB/states/move/sprites/6.png
Failed to load sprite: /pieces/PB/states/short_rest/sprites/6.png
Failed to load sprite: /pieces/PB/states/idle/sprites/6.png
Failed to load sprite: /pieces/PB/states/jump/sprites/6.png
Failed to load sprite: /pieces/PB/states/long_rest/sprites/6.png
Failed to load sprite: /pieces/PB/states/move/sprites/6.png
Failed to load sprite: /pieces/PB/states/short_rest/sprites/6.png
Failed to load sprite: /pieces/PB/states/idle/sprites/6.png
Failed to load sprite: /pieces/PB/states/jump/sprites/6.png
Failed to load sprite: /pieces/PB/states/long_rest/sprites/6.png
Failed to load sprite: /pieces/PB/states/move/sprites/6.png
Failed to load sprite: /pieces/PB/states/short_rest/sprites/6.png
Failed to load sprite: /pieces/PB/states/idle/sprites/6.png
Failed to load sprite: /pieces/PB/states/jump/sprites/6.png
Failed to load sprite: /pieces/PB/states/long_rest/sprites/6.png
Failed to load sprite: /pieces/PB/states/move/sprites/6.png
Failed to load sprite: /pieces/PB/states/short_rest/sprites/6.png
Failed to load sprite: /pieces/PB/states/idle/sprites/6.png
Failed to load sprite: /pieces/PB/states/jump/sprites/6.png
Failed to load sprite: /pieces/PB/states/long_rest/sprites/6.png
Failed to load sprite: /pieces/PB/states/move/sprites/6.png
Failed to load sprite: /pieces/PB/states/short_rest/sprites/6.png
Failed to load sprite: /pieces/PB/states/idle/sprites/6.png
Failed to load sprite: /pieces/PB/states/jump/sprites/6.png
Failed to load sprite: /pieces/PB/states/long_rest/sprites/6.png
Failed to load sprite: /pieces/PB/states/move/sprites/6.png
Failed to load sprite: /pieces/PB/states/short_rest/sprites/6.png
Failed to load sprite: /pieces/PB/states/idle/sprites/6.png
Failed to load sprite: /pieces/PB/states/jump/sprites/6.png
Failed to load sprite: /pieces/PB/states/long_rest/sprites/6.png
Failed to load sprite: /pieces/PB/states/move/sprites/6.png
Failed to load sprite: /pieces/PB/states/short_rest/sprites/6.png
Failed to load sprite: /pieces/PW/states/idle/sprites/6.png
Failed to load sprite: /pieces/PW/states/jump/sprites/6.png
Failed to load sprite: /pieces/PW/states/long_rest/sprites/6.png
Failed to load sprite: /pieces/PW/states/move/sprites/6.png
Failed to load sprite: /pieces/PW/states/short_rest/sprites/6.png
Failed to load sprite: /pieces/PW/states/idle/sprites/6.png
Failed to load sprite: /pieces/PW/states/jump/sprites/6.png
Failed to load sprite: /pieces/PW/states/long_rest/sprites/6.png
Failed to load sprite: /pieces/PW/states/move/sprites/6.png
Failed to load sprite: /pieces/PW/states/short_rest/sprites/6.png
Failed to load sprite: /pieces/PW/states/idle/sprites/6.png
Failed to load sprite: /pieces/PW/states/jump/sprites/6.png
Failed to load sprite: /pieces/PW/states/long_rest/sprites/6.png
Failed to load sprite: /pieces/PW/states/move/sprites/6.png
Failed to load sprite: /pieces/PW/states/short_rest/sprites/6.png
Failed to load sprite: /pieces/PW/states/idle/sprites/6.png
Failed to load sprite: /pieces/PW/states/jump/sprites/6.png
Failed to load sprite: /pieces/PW/states/long_rest/sprites/6.png
Failed to load sprite: /pieces/PW/states/move/sprites/6.png
Failed to load sprite: /pieces/PW/states/short_rest/sprites/6.png
Failed to load sprite: /pieces/PW/states/idle/sprites/6.png
Failed to load sprite: /pieces/PW/states/jump/sprites/6.png
Failed to load sprite: /pieces/PW/states/long_rest/sprites/6.png
Failed to load sprite: /pieces/PW/states/move/sprites/6.png
Failed to load sprite: /pieces/PW/states/short_rest/sprites/6.png
Failed to load sprite: /pieces/PW/states/idle/sprites/6.png
Failed to load sprite: /pieces/PW/states/jump/sprites/6.png
Failed to load sprite: /pieces/PW/states/long_rest/sprites/6.png
Failed to load sprite: /pieces/PW/states/move/sprites/6.png
Failed to load sprite: /pieces/PW/states/short_rest/sprites/6.png
Failed to load sprite: /pieces/PW/states/idle/sprites/6.png
Failed to load sprite: /pieces/PW/states/jump/sprites/6.png
Failed to load sprite: /pieces/PW/states/long_rest/sprites/6.png
Failed to load sprite: /pieces/PW/states/move/sprites/6.png
Failed to load sprite: /pieces/PW/states/short_rest/sprites/6.png
Failed to load sprite: /pieces/PW/states/idle/sprites/6.png
Failed to load sprite: /pieces/PW/states/jump/sprites/6.png
Failed to load sprite: /pieces/PW/states/long_rest/sprites/6.png
Failed to load sprite: /pieces/PW/states/move/sprites/6.png
Failed to load sprite: /pieces/PW/states/short_rest/sprites/6.png
Failed to load sprite: /pieces/RW/states/idle/sprites/6.png
Failed to load sprite: /pieces/RW/states/jump/sprites/6.png
Failed to load sprite: /pieces/RW/states/long_rest/sprites/6.png
Failed to load sprite: /pieces/RW/states/move/sprites/6.png
Failed to load sprite: /pieces/RW/states/short_rest/sprites/6.png
Failed to load sprite: /pieces/NW/states/idle/sprites/6.png
Failed to load sprite: /pieces/NW/states/jump/sprites/6.png
Failed to load sprite: /pieces/NW/states/long_rest/sprites/6.png
Failed to load sprite: /pieces/NW/states/move/sprites/6.png
Failed to load sprite: /pieces/NW/states/short_rest/sprites/6.png
Failed to load sprite: /pieces/BW/states/idle/sprites/6.png
Failed to load sprite: /pieces/BW/states/jump/sprites/6.png
Failed to load sprite: /pieces/BW/states/long_rest/sprites/6.png
Failed to load sprite: /pieces/BW/states/move/sprites/6.png
Failed to load sprite: /pieces/BW/states/short_rest/sprites/6.png
Failed to load sprite: /pieces/KW/states/idle/sprites/6.png
Failed to load sprite: /pieces/KW/states/jump/sprites/6.png
Failed to load sprite: /pieces/KW/states/long_rest/sprites/6.png
Failed to load sprite: /pieces/KW/states/move/sprites/6.png
Failed to load sprite: /pieces/KW/states/short_rest/sprites/6.png
Failed to load sprite: /pieces/QW/states/idle/sprites/6.png
Failed to load sprite: /pieces/QW/states/jump/sprites/6.png
Failed to load sprite: /pieces/QW/states/long_rest/sprites/6.png
Failed to load sprite: /pieces/QW/states/move/sprites/6.png
Failed to load sprite: /pieces/QW/states/short_rest/sprites/6.png
Failed to load sprite: /pieces/BW/states/idle/sprites/6.png
Failed to load sprite: /pieces/BW/states/jump/sprites/6.png
Failed to load sprite: /pieces/BW/states/long_rest/sprites/6.png
Failed to load sprite: /pieces/BW/states/move/sprites/6.png
Failed to load sprite: /pieces/BW/states/short_rest/sprites/6.png
Failed to load sprite: /pieces/NW/states/idle/sprites/6.png
Failed to load sprite: /pieces/NW/states/jump/sprites/6.png
Failed to load sprite: /pieces/NW/states/long_rest/sprites/6.png
Failed to load sprite: /pieces/NW/states/move/sprites/6.png
Failed to load sprite: /pieces/NW/states/short_rest/sprites/6.png
Failed to load sprite: /pieces/RW/states/idle/sprites/6.png
Failed to load sprite: /pieces/RW/states/jump/sprites/6.png
Failed to load sprite: /pieces/RW/states/long_rest/sprites/6.png
Failed to load sprite: /pieces/RW/states/move/sprites/6.png
Failed to load sprite: /pieces/RW/states/short_rest/sprites/6.png
Debug: Initial game state setup
Failed to load sprite: /pieces/RB/states/idle/sprites/6.png
Failed to load sprite: /pieces/RB/states/jump/sprites/6.png
Failed to load sprite: /pieces/RB/states/long_rest/sprites/6.png
Failed to load sprite: /pieces/RB/states/move/sprites/6.png
Failed to load sprite: /pieces/RB/states/short_rest/sprites/6.png
Failed to load sprite: /pieces/NB/states/idle/sprites/6.png
Failed to load sprite: /pieces/NB/states/jump/sprites/6.png
Failed to load sprite: /pieces/NB/states/long_rest/sprites/6.png
Failed to load sprite: /pieces/NB/states/move/sprites/6.png
Failed to load sprite: /pieces/NB/states/short_rest/sprites/6.png
Failed to load sprite: /pieces/BB/states/idle/sprites/6.png
Failed to load sprite: /pieces/BB/states/jump/sprites/6.png
Failed to load sprite: /pieces/BB/states/long_rest/sprites/6.png
Failed to load sprite: /pieces/BB/states/move/sprites/6.png
Failed to load sprite: /pieces/BB/states/short_rest/sprites/6.png
Failed to load sprite: /pieces/KB/states/idle/sprites/6.png
Failed to load sprite: /pieces/KB/states/jump/sprites/6.png
Failed to load sprite: /pieces/KB/states/long_rest/sprites/6.png
Failed to load sprite: /pieces/KB/states/move/sprites/6.png
Failed to load sprite: /pieces/KB/states/short_rest/sprites/6.png
Failed to load sprite: /pieces/QB/states/idle/sprites/6.png
Failed to load sprite: /pieces/QB/states/jump/sprites/6.png
Failed to load sprite: /pieces/QB/states/long_rest/sprites/6.png
Failed to load sprite: /pieces/QB/states/move/sprites/6.png
Failed to load sprite: /pieces/QB/states/short_rest/sprites/6.png
Failed to load sprite: /pieces/BB/states/idle/sprites/6.png
Failed to load sprite: /pieces/BB/states/jump/sprites/6.png
Failed to load sprite: /pieces/BB/states/long_rest/sprites/6.png
Failed to load sprite: /pieces/BB/states/move/sprites/6.png
Failed to load sprite: /pieces/BB/states/short_rest/sprites/6.png
Failed to load sprite: /pieces/NB/states/idle/sprites/6.png
Failed to load sprite: /pieces/NB/states/jump/sprites/6.png
Failed to load sprite: /pieces/NB/states/long_rest/sprites/6.png
Failed to load sprite: /pieces/NB/states/move/sprites/6.png
Failed to load sprite: /pieces/NB/states/short_rest/sprites/6.png
Failed to load sprite: /pieces/RB/states/idle/sprites/6.png
Failed to load sprite: /pieces/RB/states/jump/sprites/6.png
Failed to load sprite: /pieces/RB/states/long_rest/sprites/6.png
Failed to load sprite: /pieces/RB/states/move/sprites/6.png
Failed to load sprite: /pieces/RB/states/short_rest/sprites/6.png
Failed to load sprite: /pieces/PB/states/idle/sprites/6.png
Failed to load sprite: /pieces/PB/states/jump/sprites/6.png
Failed to load sprite: /pieces/PB/states/long_rest/sprites/6.png
Failed to load sprite: /pieces/PB/states/move/sprites/6.png
Failed to load sprite: /pieces/PB/states/short_rest/sprites/6.png
Failed to load sprite: /pieces/PB/states/idle/sprites/6.png
Failed to load sprite: /pieces/PB/states/jump/sprites/6.png
Failed to load sprite: /pieces/PB/states/long_rest/sprites/6.png
Failed to load sprite: /pieces/PB/states/move/sprites/6.png
Failed to load sprite: /pieces/PB/states/short_rest/sprites/6.png
Failed to load sprite: /pieces/PB/states/idle/sprites/6.png
Failed to load sprite: /pieces/PB/states/jump/sprites/6.png
Failed to load sprite: /pieces/PB/states/long_rest/sprites/6.png
Failed to load sprite: /pieces/PB/states/move/sprites/6.png
Failed to load sprite: /pieces/PB/states/short_rest/sprites/6.png
Failed to load sprite: /pieces/PB/states/idle/sprites/6.png
Failed to load sprite: /pieces/PB/states/jump/sprites/6.png
Failed to load sprite: /pieces/PB/states/long_rest/sprites/6.png
Failed to load sprite: /pieces/PB/states/move/sprites/6.png
Failed to load sprite: /pieces/PB/states/short_rest/sprites/6.png
Failed to load sprite: /pieces/PB/states/idle/sprites/6.png
Failed to load sprite: /pieces/PB/states/jump/sprites/6.png
Failed to load sprite: /pieces/PB/states/long_rest/sprites/6.png
Failed to load sprite: /pieces/PB/states/move/sprites/6.png
Failed to load sprite: /pieces/PB/states/short_rest/sprites/6.png
Failed to load sprite: /pieces/PB/states/idle/sprites/6.png
Failed to load sprite: /pieces/PB/states/jump/sprites/6.png
Failed to load sprite: /pieces/PB/states/long_rest/sprites/6.png
Failed to load sprite: /pieces/PB/states/move/sprites/6.png
Failed to load sprite: /pieces/PB/states/short_rest/sprites/6.png
Failed to load sprite: /pieces/PB/states/idle/sprites/6.png
Failed to load sprite: /pieces/PB/states/jump/sprites/6.png
Failed to load sprite: /pieces/PB/states/long_rest/sprites/6.png
Failed to load sprite: /pieces/PB/states/move/sprites/6.png
Failed to load sprite: /pieces/PB/states/short_rest/sprites/6.png
Failed to load sprite: /pieces/PB/states/idle/sprites/6.png
Failed to load sprite: /pieces/PB/states/jump/sprites/6.png
Failed to load sprite: /pieces/PB/states/long_rest/sprites/6.png
Failed to load sprite: /pieces/PB/states/move/sprites/6.png
Failed to load sprite: /pieces/PB/states/short_rest/sprites/6.png
Failed to load sprite: /pieces/PW/states/idle/sprites/6.png
Failed to load sprite: /pieces/PW/states/jump/sprites/6.png
Failed to load sprite: /pieces/PW/states/long_rest/sprites/6.png
Failed to load sprite: /pieces/PW/states/move/sprites/6.png
Failed to load sprite: /pieces/PW/states/short_rest/sprites/6.png
Failed to load sprite: /pieces/PW/states/idle/sprites/6.png
Failed to load sprite: /pieces/PW/states/jump/sprites/6.png
Failed to load sprite: /pieces/PW/states/long_rest/sprites/6.png
Failed to load sprite: /pieces/PW/states/move/sprites/6.png
Failed to load sprite: /pieces/PW/states/short_rest/sprites/6.png
Failed to load sprite: /pieces/PW/states/idle/sprites/6.png
Failed to load sprite: /pieces/PW/states/jump/sprites/6.png
Failed to load sprite: /pieces/PW/states/long_rest/sprites/6.png
Failed to load sprite: /pieces/PW/states/move/sprites/6.png
Failed to load sprite: /pieces/PW/states/short_rest/sprites/6.png
Failed to load sprite: /pieces/PW/states/idle/sprites/6.png
Failed to load sprite: /pieces/PW/states/jump/sprites/6.png
Failed to load sprite: /pieces/PW/states/long_rest/sprites/6.png
Failed to load sprite: /pieces/PW/states/move/sprites/6.png
Failed to load sprite: /pieces/PW/states/short_rest/sprites/6.png
Failed to load sprite: /pieces/PW/states/idle/sprites/6.png
Failed to load sprite: /pieces/PW/states/jump/sprites/6.png
Failed to load sprite: /pieces/PW/states/long_rest/sprites/6.png
Failed to load sprite: /pieces/PW/states/move/sprites/6.png
Failed to load sprite: /pieces/PW/states/short_rest/sprites/6.png
Failed to load sprite: /pieces/PW/states/idle/sprites/6.png
Failed to load sprite: /pieces/PW/states/jump/sprites/6.png
Failed to load sprite: /pieces/PW/states/long_rest/sprites/6.png
Failed to load sprite: /pieces/PW/states/move/sprites/6.png
Failed to load sprite: /pieces/PW/states/short_rest/sprites/6.png
Failed to load sprite: /pieces/PW/states/idle/sprites/6.png
Failed to load sprite: /pieces/PW/states/jump/sprites/6.png
Failed to load sprite: /pieces/PW/states/long_rest/sprites/6.png
Failed to load sprite: /pieces/PW/states/move/sprites/6.png
Failed to load sprite: /pieces/PW/states/short_rest/sprites/6.png
Failed to load sprite: /pieces/PW/states/idle/sprites/6.png
Failed to load sprite: /pieces/PW/states/jump/sprites/6.png
Failed to load sprite: /pieces/PW/states/long_rest/sprites/6.png
Failed to load sprite: /pieces/PW/states/move/sprites/6.png
Failed to load sprite: /pieces/PW/states/short_rest/sprites/6.png
Failed to load sprite: /pieces/RW/states/idle/sprites/6.png
Failed to load sprite: /pieces/RW/states/jump/sprites/6.png
Failed to load sprite: /pieces/RW/states/long_rest/sprites/6.png
Failed to load sprite: /pieces/RW/states/move/sprites/6.png
Failed to load sprite: /pieces/RW/states/short_rest/sprites/6.png
Failed to load sprite: /pieces/NW/states/idle/sprites/6.png
Failed to load sprite: /pieces/NW/states/jump/sprites/6.png
Failed to load sprite: /pieces/NW/states/long_rest/sprites/6.png
Failed to load sprite: /pieces/NW/states/move/sprites/6.png
Failed to load sprite: /pieces/NW/states/short_rest/sprites/6.png
Failed to load sprite: /pieces/BW/states/idle/sprites/6.png
Failed to load sprite: /pieces/BW/states/jump/sprites/6.png
Failed to load sprite: /pieces/BW/states/long_rest/sprites/6.png
Failed to load sprite: /pieces/BW/states/move/sprites/6.png
Failed to load sprite: /pieces/BW/states/short_rest/sprites/6.png
Failed to load sprite: /pieces/KW/states/idle/sprites/6.png
Failed to load sprite: /pieces/KW/states/jump/sprites/6.png
Failed to load sprite: /pieces/KW/states/long_rest/sprites/6.png
Failed to load sprite: /pieces/KW/states/move/sprites/6.png
Failed to load sprite: /pieces/KW/states/short_rest/sprites/6.png
Failed to load sprite: /pieces/QW/states/idle/sprites/6.png
Failed to load sprite: /pieces/QW/states/jump/sprites/6.png
Failed to load sprite: /pieces/QW/states/long_rest/sprites/6.png
Failed to load sprite: /pieces/QW/states/move/sprites/6.png
Failed to load sprite: /pieces/QW/states/short_rest/sprites/6.png
Failed to load sprite: /pieces/BW/states/idle/sprites/6.png
Failed to load sprite: /pieces/BW/states/jump/sprites/6.png
Failed to load sprite: /pieces/BW/states/long_rest/sprites/6.png
Failed to load sprite: /pieces/BW/states/move/sprites/6.png
Failed to load sprite: /pieces/BW/states/short_rest/sprites/6.png
Failed to load sprite: /pieces/NW/states/idle/sprites/6.png
Failed to load sprite: /pieces/NW/states/jump/sprites/6.png
Failed to load sprite: /pieces/NW/states/long_rest/sprites/6.png
Failed to load sprite: /pieces/NW/states/move/sprites/6.png
Failed to load sprite: /pieces/NW/states/short_rest/sprites/6.png
Failed to load sprite: /pieces/RW/states/idle/sprites/6.png
Failed to load sprite: /pieces/RW/states/jump/sprites/6.png
Failed to load sprite: /pieces/RW/states/long_rest/sprites/6.png
Failed to load sprite: /pieces/RW/states/move/sprites/6.png
Failed to load sprite: /pieces/RW/states/short_rest/sprites/6.png
Debug: Initial game state setup
Moving from row: 1, col: 0 to row: 2, col: 1
Moving from row: 0, col: 0 to row: 5, col: 0
can not choose piece
can not choose piece
long_rest animation finished
long_rest animation finished
Moving from row: 2, col: 1 to row: 3, col: 1
long_rest animation finished
long_rest animation finished
can not choose piece
long_rest animation finished
long_rest animation finished
Failed to load sprite: /pieces/RB/states/idle/sprites/6.png
Failed to load sprite: /pieces/RB/states/jump/sprites/6.png
Failed to load sprite: /pieces/RB/states/long_rest/sprites/6.png
Failed to load sprite: /pieces/RB/states/move/sprites/6.png
Failed to load sprite: /pieces/RB/states/short_rest/sprites/6.png
Failed to load sprite: /pieces/NB/states/idle/sprites/6.png
Failed to load sprite: /pieces/NB/states/jump/sprites/6.png
Failed to load sprite: /pieces/NB/states/long_rest/sprites/6.png
Failed to load sprite: /pieces/NB/states/move/sprites/6.png
Failed to load sprite: /pieces/NB/states/short_rest/sprites/6.png
Failed to load sprite: /pieces/BB/states/idle/sprites/6.png
Failed to load sprite: /pieces/BB/states/jump/sprites/6.png
Failed to load sprite: /pieces/BB/states/long_rest/sprites/6.png
Failed to load sprite: /pieces/BB/states/move/sprites/6.png
Failed to load sprite: /pieces/BB/states/short_rest/sprites/6.png
Failed to load sprite: /pieces/KB/states/idle/sprites/6.png
Failed to load sprite: /pieces/KB/states/jump/sprites/6.png
Failed to load sprite: /pieces/KB/states/long_rest/sprites/6.png
Failed to load sprite: /pieces/KB/states/move/sprites/6.png
Failed to load sprite: /pieces/KB/states/short_rest/sprites/6.png
Failed to load sprite: /pieces/QB/states/idle/sprites/6.png
Failed to load sprite: /pieces/QB/states/jump/sprites/6.png
Failed to load sprite: /pieces/QB/states/long_rest/sprites/6.png
Failed to load sprite: /pieces/QB/states/move/sprites/6.png
Failed to load sprite: /pieces/QB/states/short_rest/sprites/6.png
Failed to load sprite: /pieces/BB/states/idle/sprites/6.png
Failed to load sprite: /pieces/BB/states/jump/sprites/6.png
Failed to load sprite: /pieces/BB/states/long_rest/sprites/6.png
Failed to load sprite: /pieces/BB/states/move/sprites/6.png
Failed to load sprite: /pieces/BB/states/short_rest/sprites/6.png
Failed to load sprite: /pieces/NB/states/idle/sprites/6.png
Failed to load sprite: /pieces/NB/states/jump/sprites/6.png
Failed to load sprite: /pieces/NB/states/long_rest/sprites/6.png
Failed to load sprite: /pieces/NB/states/move/sprites/6.png
Failed to load sprite: /pieces/NB/states/short_rest/sprites/6.png
Failed to load sprite: /pieces/RB/states/idle/sprites/6.png
Failed to load sprite: /pieces/RB/states/jump/sprites/6.png
Failed to load sprite: /pieces/RB/states/long_rest/sprites/6.png
Failed to load sprite: /pieces/RB/states/move/sprites/6.png
Failed to load sprite: /pieces/RB/states/short_rest/sprites/6.png
Failed to load sprite: /pieces/PB/states/idle/sprites/6.png
Failed to load sprite: /pieces/PB/states/jump/sprites/6.png
Failed to load sprite: /pieces/PB/states/long_rest/sprites/6.png
Failed to load sprite: /pieces/PB/states/move/sprites/6.png
Failed to load sprite: /pieces/PB/states/short_rest/sprites/6.png
Failed to load sprite: /pieces/PB/states/idle/sprites/6.png
Failed to load sprite: /pieces/PB/states/jump/sprites/6.png
Failed to load sprite: /pieces/PB/states/long_rest/sprites/6.png
Failed to load sprite: /pieces/PB/states/move/sprites/6.png
Failed to load sprite: /pieces/PB/states/short_rest/sprites/6.png
Failed to load sprite: /pieces/PB/states/idle/sprites/6.png
Failed to load sprite: /pieces/PB/states/jump/sprites/6.png
Failed to load sprite: /pieces/PB/states/long_rest/sprites/6.png
Failed to load sprite: /pieces/PB/states/move/sprites/6.png
Failed to load sprite: /pieces/PB/states/short_rest/sprites/6.png
Failed to load sprite: /pieces/PB/states/idle/sprites/6.png
Failed to load sprite: /pieces/PB/states/jump/sprites/6.png
Failed to load sprite: /pieces/PB/states/long_rest/sprites/6.png
Failed to load sprite: /pieces/PB/states/move/sprites/6.png
Failed to load sprite: /pieces/PB/states/short_rest/sprites/6.png
Failed to load sprite: /pieces/PB/states/idle/sprites/6.png
Failed to load sprite: /pieces/PB/states/jump/sprites/6.png
Failed to load sprite: /pieces/PB/states/long_rest/sprites/6.png
Failed to load sprite: /pieces/PB/states/move/sprites/6.png
Failed to load sprite: /pieces/PB/states/short_rest/sprites/6.png
Failed to load sprite: /pieces/PB/states/idle/sprites/6.png
Failed to load sprite: /pieces/PB/states/jump/sprites/6.png
Failed to load sprite: /pieces/PB/states/long_rest/sprites/6.png
Failed to load sprite: /pieces/PB/states/move/sprites/6.png
Failed to load sprite: /pieces/PB/states/short_rest/sprites/6.png
Failed to load sprite: /pieces/PB/states/idle/sprites/6.png
Failed to load sprite: /pieces/PB/states/jump/sprites/6.png
Failed to load sprite: /pieces/PB/states/long_rest/sprites/6.png
Failed to load sprite: /pieces/PB/states/move/sprites/6.png
Failed to load sprite: /pieces/PB/states/short_rest/sprites/6.png
Failed to load sprite: /pieces/PB/states/idle/sprites/6.png
Failed to load sprite: /pieces/PB/states/jump/sprites/6.png
Failed to load sprite: /pieces/PB/states/long_rest/sprites/6.png
Failed to load sprite: /pieces/PB/states/move/sprites/6.png
Failed to load sprite: /pieces/PB/states/short_rest/sprites/6.png
Failed to load sprite: /pieces/PW/states/idle/sprites/6.png
Failed to load sprite: /pieces/PW/states/jump/sprites/6.png
Failed to load sprite: /pieces/PW/states/long_rest/sprites/6.png
Failed to load sprite: /pieces/PW/states/move/sprites/6.png
Failed to load sprite: /pieces/PW/states/short_rest/sprites/6.png
Failed to load sprite: /pieces/PW/states/idle/sprites/6.png
Failed to load sprite: /pieces/PW/states/jump/sprites/6.png
Failed to load sprite: /pieces/PW/states/long_rest/sprites/6.png
Failed to load sprite: /pieces/PW/states/move/sprites/6.png
Failed to load sprite: /pieces/PW/states/short_rest/sprites/6.png
Failed to load sprite: /pieces/PW/states/idle/sprites/6.png
Failed to load sprite: /pieces/PW/states/jump/sprites/6.png
Failed to load sprite: /pieces/PW/states/long_rest/sprites/6.png
Failed to load sprite: /pieces/PW/states/move/sprites/6.png
Failed to load sprite: /pieces/PW/states/short_rest/sprites/6.png
Failed to load sprite: /pieces/PW/states/idle/sprites/6.png
Failed to load sprite: /pieces/PW/states/jump/sprites/6.png
Failed to load sprite: /pieces/PW/states/long_rest/sprites/6.png
Failed to load sprite: /pieces/PW/states/move/sprites/6.png
Failed to load sprite: /pieces/PW/states/short_rest/sprites/6.png
Failed to load sprite: /pieces/PW/states/idle/sprites/6.png
Failed to load sprite: /pieces/PW/states/jump/sprites/6.png
Failed to load sprite: /pieces/PW/states/long_rest/sprites/6.png
Failed to load sprite: /pieces/PW/states/move/sprites/6.png
Failed to load sprite: /pieces/PW/states/short_rest/sprites/6.png
Failed to load sprite: /pieces/PW/states/idle/sprites/6.png
Failed to load sprite: /pieces/PW/states/jump/sprites/6.png
Failed to load sprite: /pieces/PW/states/long_rest/sprites/6.png
Failed to load sprite: /pieces/PW/states/move/sprites/6.png
Failed to load sprite: /pieces/PW/states/short_rest/sprites/6.png
Failed to load sprite: /pieces/PW/states/idle/sprites/6.png
Failed to load sprite: /pieces/PW/states/jump/sprites/6.png
Failed to load sprite: /pieces/PW/states/long_rest/sprites/6.png
Failed to load sprite: /pieces/PW/states/move/sprites/6.png
Failed to load sprite: /pieces/PW/states/short_rest/sprites/6.png
Failed to load sprite: /pieces/PW/states/idle/sprites/6.png
Failed to load sprite: /pieces/PW/states/jump/sprites/6.png
Failed to load sprite: /pieces/PW/states/long_rest/sprites/6.png
Failed to load sprite: /pieces/PW/states/move/sprites/6.png
Failed to load sprite: /pieces/PW/states/short_rest/sprites/6.png
Failed to load sprite: /pieces/RW/states/idle/sprites/6.png
Failed to load sprite: /pieces/RW/states/jump/sprites/6.png
Failed to load sprite: /pieces/RW/states/long_rest/sprites/6.png
Failed to load sprite: /pieces/RW/states/move/sprites/6.png
Failed to load sprite: /pieces/RW/states/short_rest/sprites/6.png
Failed to load sprite: /pieces/NW/states/idle/sprites/6.png
Failed to load sprite: /pieces/NW/states/jump/sprites/6.png
Failed to load sprite: /pieces/NW/states/long_rest/sprites/6.png
Failed to load sprite: /pieces/NW/states/move/sprites/6.png
Failed to load sprite: /pieces/NW/states/short_rest/sprites/6.png
Failed to load sprite: /pieces/BW/states/idle/sprites/6.png
Failed to load sprite: /pieces/BW/states/jump/sprites/6.png
Failed to load sprite: /pieces/BW/states/long_rest/sprites/6.png
Failed to load sprite: /pieces/BW/states/move/sprites/6.png
Failed to load sprite: /pieces/BW/states/short_rest/sprites/6.png
Failed to load sprite: /pieces/KW/states/idle/sprites/6.png
Failed to load sprite: /pieces/KW/states/jump/sprites/6.png
Failed to load sprite: /pieces/KW/states/long_rest/sprites/6.png
Failed to load sprite: /pieces/KW/states/move/sprites/6.png
Failed to load sprite: /pieces/KW/states/short_rest/sprites/6.png
Failed to load sprite: /pieces/QW/states/idle/sprites/6.png
Failed to load sprite: /pieces/QW/states/jump/sprites/6.png
Failed to load sprite: /pieces/QW/states/long_rest/sprites/6.png
Failed to load sprite: /pieces/QW/states/move/sprites/6.png
Failed to load sprite: /pieces/QW/states/short_rest/sprites/6.png
Failed to load sprite: /pieces/BW/states/idle/sprites/6.png
Failed to load sprite: /pieces/BW/states/jump/sprites/6.png
Failed to load sprite: /pieces/BW/states/long_rest/sprites/6.png
Failed to load sprite: /pieces/BW/states/move/sprites/6.png
Failed to load sprite: /pieces/BW/states/short_rest/sprites/6.png
Failed to load sprite: /pieces/NW/states/idle/sprites/6.png
Failed to load sprite: /pieces/NW/states/jump/sprites/6.png
Failed to load sprite: /pieces/NW/states/long_rest/sprites/6.png
Failed to load sprite: /pieces/NW/states/move/sprites/6.png
Failed to load sprite: /pieces/NW/states/short_rest/sprites/6.png
Failed to load sprite: /pieces/RW/states/idle/sprites/6.png
Failed to load sprite: /pieces/RW/states/jump/sprites/6.png
Failed to load sprite: /pieces/RW/states/long_rest/sprites/6.png
Failed to load sprite: /pieces/RW/states/move/sprites/6.png
Failed to load sprite: /pieces/RW/states/short_rest/sprites/6.png
Debug: Initial game state setup
Moving from row: 1, col: 0 to row: 2, col: 1
Moving from row: 0, col: 0 to row: 5, col: 0
long_rest animation finished
long_rest animation finished
long_rest animation finished
long_rest animation finished
Moving from row: 5, col: 0 to row: 6, col: 0
Moving from row: 2, col: 1 to row: 3, col: 1
State: idle
Captured on landing: 6,0
can not choose piece
long_rest animation finished
long_rest animation finished
can not choose piece
long_rest animation finished
long_rest animation finished
Moving from row: 3, col: 1 to row: 4, col: 1
Moving from row: 6, col: 0 to row: 6, col: 1
long_rest animation finished
long_rest animation finished
State: jump
No capture: piece not jumping on landing
Jump animation finished, transitioning to: short_rest
Jump animation finished, transitioning to: short_rest
short_rest animation finished
short_rest animation finished
Moving from row: 4, col: 1 to row: 6, col: 1
State: idle
Captured on landing: 6,1
Illegal move from row: 7, col: 1 to row: 6, col: 1
long_rest animation finished
long_rest animation finished
Moving from row: 7, col: 2 to row: 6, col: 1
long_rest animation finished
long_rest animation finished
Moving from row: 7, col: 2 to row: 6, col: 1
long_rest animation finished
long_rest animation finished
Moving from row: 7, col: 0 to row: 5, col: 0
Illegal move from row: 6, col: 2 to row: 7, col: 2
Moving from row: 7, col: 2 to row: 6, col: 1
long_rest animation finished
long_rest animation finished
long_rest animation finished
long_rest animation finished
Moving from row: 6, col: 3 to row: 4, col: 3
Moving from row: 7, col: 2 to row: 4, col: 5
long_rest animation finished
long_rest animation finished
long_rest animation finished
long_rest animation finished
Moving from row: 6, col: 4 to row: 4, col: 4
Moving from row: 7, col: 5 to row: 4, col: 2
long_rest animation finished
long_rest animation finished
long_rest animation finished
long_rest animation finished
Illegal move from row: 7, col: 4 to row: 4, col: 7
Moving from row: 7, col: 4 to row: 4, col: 1
Moving from row: 1, col: 4 to row: 3, col: 4
Moving from row: 0, col: 5 to row: 3, col: 2
long_rest animation finished
long_rest animation finished
long_rest animation finished
long_rest animation finished
Moving from row: 7, col: 2 to row: 4, col: 5
long_rest animation finished
long_rest animation finished
long_rest animation finished
long_rest animation finished
Moving from row: 3, col: 2 to row: 4, col: 1
Jump animation finished, transitioning to: short_rest
Jump animation finished, transitioning to: short_rest
Captured before move: 7,4
long_rest animation finished
long_rest animation finished
Moving from row: 4, col: 1 to row: 5, col: 0
State: idle
Captured on landing: 7,0
can not choose piece
Moving from row: 6, col: 1 to row: 7, col: 2
long_rest animation finished
long_rest animation finished
State: idle
Captured on landing: 7,2
long_rest animation finished
long_rest animation finished
Moving from row: 1, col: 3 to row: 2, col: 3
Moving from row: 0, col: 2 to row: 4, col: 6
long_rest animation finished
long_rest animation finished
Moving from row: 5, col: 0 to row: 6, col: 1
can not choose piece
long_rest animation finished
long_rest animation finished
long_rest animation finished
long_rest animation finished
Moving from row: 6, col: 1 to row: 4, col: 3
Jump animation finished, transitioning to: short_rest
Jump animation finished, transitioning to: short_rest
Captured before move: 6,3
long_rest animation finished
long_rest animation finished
Moving from row: 4, col: 3 to row: 6, col: 5
State: jump
No capture: piece not jumping on landing
Jump animation finished, transitioning to: short_rest
Jump animation finished, transitioning to: short_rest
short_rest animation finished
short_rest animation finished
Moving from row: 4, col: 6 to row: 7, col: 3
State: idle
Captured on landing: 7,3
Game Over. Winner: Player 0
Failed to load sprite: /pieces/RB/states/idle/sprites/6.png
Failed to load sprite: /pieces/RB/states/jump/sprites/6.png
Failed to load sprite: /pieces/RB/states/long_rest/sprites/6.png
Failed to load sprite: /pieces/RB/states/move/sprites/6.png
Failed to load sprite: /pieces/RB/states/short_rest/sprites/6.png
Failed to load sprite: /pieces/NB/states/idle/sprites/6.png
Failed to load sprite: /pieces/NB/states/jump/sprites/6.png
Failed to load sprite: /pieces/NB/states/long_rest/sprites/6.png
Failed to load sprite: /pieces/NB/states/move/sprites/6.png
Failed to load sprite: /pieces/NB/states/short_rest/sprites/6.png
Failed to load sprite: /pieces/BB/states/idle/sprites/6.png
Failed to load sprite: /pieces/BB/states/jump/sprites/6.png
Failed to load sprite: /pieces/BB/states/long_rest/sprites/6.png
Failed to load sprite: /pieces/BB/states/move/sprites/6.png
Failed to load sprite: /pieces/BB/states/short_rest/sprites/6.png
Failed to load sprite: /pieces/KB/states/idle/sprites/6.png
Failed to load sprite: /pieces/KB/states/jump/sprites/6.png
Failed to load sprite: /pieces/KB/states/long_rest/sprites/6.png
Failed to load sprite: /pieces/KB/states/move/sprites/6.png
Failed to load sprite: /pieces/KB/states/short_rest/sprites/6.png
Failed to load sprite: /pieces/QB/states/idle/sprites/6.png
Failed to load sprite: /pieces/QB/states/jump/sprites/6.png
Failed to load sprite: /pieces/QB/states/long_rest/sprites/6.png
Failed to load sprite: /pieces/QB/states/move/sprites/6.png
Failed to load sprite: /pieces/QB/states/short_rest/sprites/6.png
Failed to load sprite: /pieces/BB/states/idle/sprites/6.png
Failed to load sprite: /pieces/BB/states/jump/sprites/6.png
Failed to load sprite: /pieces/BB/states/long_rest/sprites/6.png
Failed to load sprite: /pieces/BB/states/move/sprites/6.png
Failed to load sprite: /pieces/BB/states/short_rest/sprites/6.png
Failed to load sprite: /pieces/NB/states/idle/sprites/6.png
Failed to load sprite: /pieces/NB/states/jump/sprites/6.png
Failed to load sprite: /pieces/NB/states/long_rest/sprites/6.png
Failed to load sprite: /pieces/NB/states/move/sprites/6.png
Failed to load sprite: /pieces/NB/states/short_rest/sprites/6.png
Failed to load sprite: /pieces/RB/states/idle/sprites/6.png
Failed to load sprite: /pieces/RB/states/jump/sprites/6.png
Failed to load sprite: /pieces/RB/states/long_rest/sprites/6.png
Failed to load sprite: /pieces/RB/states/move/sprites/6.png
Failed to load sprite: /pieces/RB/states/short_rest/sprites/6.png
Failed to load sprite: /pieces/PB/states/idle/sprites/6.png
Failed to load sprite: /pieces/PB/states/jump/sprites/6.png
Failed to load sprite: /pieces/PB/states/long_rest/sprites/6.png
Failed to load sprite: /pieces/PB/states/move/sprites/6.png
Failed to load sprite: /pieces/PB/states/short_rest/sprites/6.png
Failed to load sprite: /pieces/PB/states/idle/sprites/6.png
Failed to load sprite: /pieces/PB/states/jump/sprites/6.png
Failed to load sprite: /pieces/PB/states/long_rest/sprites/6.png
Failed to load sprite: /pieces/PB/states/move/sprites/6.png
Failed to load sprite: /pieces/PB/states/short_rest/sprites/6.png
Failed to load sprite: /pieces/PB/states/idle/sprites/6.png
Failed to load sprite: /pieces/PB/states/jump/sprites/6.png
Failed to load sprite: /pieces/PB/states/long_rest/sprites/6.png
Failed to load sprite: /pieces/PB/states/move/sprites/6.png
Failed to load sprite: /pieces/PB/states/short_rest/sprites/6.png
Failed to load sprite: /pieces/PB/states/idle/sprites/6.png
Failed to load sprite: /pieces/PB/states/jump/sprites/6.png
Failed to load sprite: /pieces/PB/states/long_rest/sprites/6.png
Failed to load sprite: /pieces/PB/states/move/sprites/6.png
Failed to load sprite: /pieces/PB/states/short_rest/sprites/6.png
Failed to load sprite: /pieces/PB/states/idle/sprites/6.png
Failed to load sprite: /pieces/PB/states/jump/sprites/6.png
Failed to load sprite: /pieces/PB/states/long_rest/sprites/6.png
Failed to load sprite: /pieces/PB/states/move/sprites/6.png
Failed to load sprite: /pieces/PB/states/short_rest/sprites/6.png
Failed to load sprite: /pieces/PB/states/idle/sprites/6.png
Failed to load sprite: /pieces/PB/states/jump/sprites/6.png
Failed to load sprite: /pieces/PB/states/long_rest/sprites/6.png
Failed to load sprite: /pieces/PB/states/move/sprites/6.png
Failed to load sprite: /pieces/PB/states/short_rest/sprites/6.png
Failed to load sprite: /pieces/PB/states/idle/sprites/6.png
Failed to load sprite: /pieces/PB/states/jump/sprites/6.png
Failed to load sprite: /pieces/PB/states/long_rest/sprites/6.png
Failed to load sprite: /pieces/PB/states/move/sprites/6.png
Failed to load sprite: /pieces/PB/states/short_rest/sprites/6.png
Failed to load sprite: /pieces/PB/states/idle/sprites/6.png
Failed to load sprite: /pieces/PB/states/jump/sprites/6.png
Failed to load sprite: /pieces/PB/states/long_rest/sprites/6.png
Failed to load sprite: /pieces/PB/states/move/sprites/6.png
Failed to load sprite: /pieces/PB/states/short_rest/sprites/6.png
Failed to load sprite: /pieces/PW/states/idle/sprites/6.png
Failed to load sprite: /pieces/PW/states/jump/sprites/6.png
Failed to load sprite: /pieces/PW/states/long_rest/sprites/6.png
Failed to load sprite: /pieces/PW/states/move/sprites/6.png
Failed to load sprite: /pieces/PW/states/short_rest/sprites/6.png
Failed to load sprite: /pieces/PW/states/idle/sprites/6.png
Failed to load sprite: /pieces/PW/states/jump/sprites/6.png
Failed to load sprite: /pieces/PW/states/long_rest/sprites/6.png
Failed to load sprite: /pieces/PW/states/move/sprites/6.png
Failed to load sprite: /pieces/PW/states/short_rest/sprites/6.png
Failed to load sprite: /pieces/PW/states/idle/sprites/6.png
Failed to load sprite: /pieces/PW/states/jump/sprites/6.png
Failed to load sprite: /pieces/PW/states/long_rest/sprites/6.png
Failed to load sprite: /pieces/PW/states/move/sprites/6.png
Failed to load sprite: /pieces/PW/states/short_rest/sprites/6.png
Failed to load sprite: /pieces/PW/states/idle/sprites/6.png
Failed to load sprite: /pieces/PW/states/jump/sprites/6.png
Failed to load sprite: /pieces/PW/states/long_rest/sprites/6.png
Failed to load sprite: /pieces/PW/states/move/sprites/6.png
Failed to load sprite: /pieces/PW/states/short_rest/sprites/6.png
Failed to load sprite: /pieces/PW/states/idle/sprites/6.png
Failed to load sprite: /pieces/PW/states/jump/sprites/6.png
Failed to load sprite: /pieces/PW/states/long_rest/sprites/6.png
Failed to load sprite: /pieces/PW/states/move/sprites/6.png
Failed to load sprite: /pieces/PW/states/short_rest/sprites/6.png
Failed to load sprite: /pieces/PW/states/idle/sprites/6.png
Failed to load sprite: /pieces/PW/states/jump/sprites/6.png
Failed to load sprite: /pieces/PW/states/long_rest/sprites/6.png
Failed to load sprite: /pieces/PW/states/move/sprites/6.png
Failed to load sprite: /pieces/PW/states/short_rest/sprites/6.png
Failed to load sprite: /pieces/PW/states/idle/sprites/6.png
Failed to load sprite: /pieces/PW/states/jump/sprites/6.png
Failed to load sprite: /pieces/PW/states/long_rest/sprites/6.png
Failed to load sprite: /pieces/PW/states/move/sprites/6.png
Failed to load sprite: /pieces/PW/states/short_rest/sprites/6.png
Failed to load sprite: /pieces/PW/states/idle/sprites/6.png
Failed to load sprite: /pieces/PW/states/jump/sprites/6.png
Failed to load sprite: /pieces/PW/states/long_rest/sprites/6.png
Failed to load sprite: /pieces/PW/states/move/sprites/6.png
Failed to load sprite: /pieces/PW/states/short_rest/sprites/6.png
Failed to load sprite: /pieces/RW/states/idle/sprites/6.png
Failed to load sprite: /pieces/RW/states/jump/sprites/6.png
Failed to load sprite: /pieces/RW/states/long_rest/sprites/6.png
Failed to load sprite: /pieces/RW/states/move/sprites/6.png
Failed to load sprite: /pieces/RW/states/short_rest/sprites/6.png
Failed to load sprite: /pieces/NW/states/idle/sprites/6.png
Failed to load sprite: /pieces/NW/states/jump/sprites/6.png
Failed to load sprite: /pieces/NW/states/long_rest/sprites/6.png
Failed to load sprite: /pieces/NW/states/move/sprites/6.png
Failed to load sprite: /pieces/NW/states/short_rest/sprites/6.png
Failed to load sprite: /pieces/BW/states/idle/sprites/6.png
Failed to load sprite: /pieces/BW/states/jump/sprites/6.png
Failed to load sprite: /pieces/BW/states/long_rest/sprites/6.png
Failed to load sprite: /pieces/BW/states/move/sprites/6.png
Failed to load sprite: /pieces/BW/states/short_rest/sprites/6.png
Failed to load sprite: /pieces/KW/states/idle/sprites/6.png
Failed to load sprite: /pieces/KW/states/jump/sprites/6.png
Failed to load sprite: /pieces/KW/states/long_rest/sprites/6.png
Failed to load sprite: /pieces/KW/states/move/sprites/6.png
Failed to load sprite: /pieces/KW/states/short_rest/sprites/6.png
Failed to load sprite: /pieces/QW/states/idle/sprites/6.png
Failed to load sprite: /pieces/QW/states/jump/sprites/6.png
Failed to load sprite: /pieces/QW/states/long_rest/sprites/6.png
Failed to load sprite: /pieces/QW/states/move/sprites/6.png
Failed to load sprite: /pieces/QW/states/short_rest/sprites/6.png
Failed to load sprite: /pieces/BW/states/idle/sprites/6.png
Failed to load sprite: /pieces/BW/states/jump/sprites/6.png
Failed to load sprite: /pieces/BW/states/long_rest/sprites/6.png
Failed to load sprite: /pieces/BW/states/move/sprites/6.png
Failed to load sprite: /pieces/BW/states/short_rest/sprites/6.png
Failed to load sprite: /pieces/NW/states/idle/sprites/6.png
Failed to load sprite: /pieces/NW/states/jump/sprites/6.png
Failed to load sprite: /pieces/NW/states/long_rest/sprites/6.png
Failed to load sprite: /pieces/NW/states/move/sprites/6.png
Failed to load sprite: /pieces/NW/states/short_rest/sprites/6.png
Failed to load sprite: /pieces/RW/states/idle/sprites/6.png
Failed to load sprite: /pieces/RW/states/jump/sprites/6.png
Failed to load sprite: /pieces/RW/states/long_rest/sprites/6.png
Failed to load sprite: /pieces/RW/states/move/sprites/6.png
Failed to load sprite: /pieces/RW/states/short_rest/sprites/6.png
Initial game state setup
Failed to load sprite: /pieces/RB/states/idle/sprites/6.png
Failed to load sprite: /pieces/RB/states/jump/sprites/6.png
Failed to load sprite: /pieces/RB/states/long_rest/sprites/6.png
Failed to load sprite: /pieces/RB/states/move/sprites/6.png
Failed to load sprite: /pieces/RB/states/short_rest/sprites/6.png
Failed to load sprite: /pieces/NB/states/idle/sprites/6.png
Failed to load sprite: /pieces/NB/states/jump/sprites/6.png
Failed to load sprite: /pieces/NB/states/long_rest/sprites/6.png
Failed to load sprite: /pieces/NB/states/move/sprites/6.png
Failed to load sprite: /pieces/NB/states/short_rest/sprites/6.png
Failed to load sprite: /pieces/BB/states/idle/sprites/6.png
Failed to load sprite: /pieces/BB/states/jump/sprites/6.png
Failed to load sprite: /pieces/BB/states/long_rest/sprites/6.png
Failed to load sprite: /pieces/BB/states/move/sprites/6.png
Failed to load sprite: /pieces/BB/states/short_rest/sprites/6.png
Failed to load sprite: /pieces/KB/states/idle/sprites/6.png
Failed to load sprite: /pieces/KB/states/jump/sprites/6.png
Failed to load sprite: /pieces/KB/states/long_rest/sprites/6.png
Failed to load sprite: /pieces/KB/states/move/sprites/6.png
Failed to load sprite: /pieces/KB/states/short_rest/sprites/6.png
Failed to load sprite: /pieces/QB/states/idle/sprites/6.png
Failed to load sprite: /pieces/QB/states/jump/sprites/6.png
Failed to load sprite: /pieces/QB/states/long_rest/sprites/6.png
Failed to load sprite: /pieces/QB/states/move/sprites/6.png
Failed to load sprite: /pieces/QB/states/short_rest/sprites/6.png
Failed to load sprite: /pieces/BB/states/idle/sprites/6.png
Failed to load sprite: /pieces/BB/states/jump/sprites/6.png
Failed to load sprite: /pieces/BB/states/long_rest/sprites/6.png
Failed to load sprite: /pieces/BB/states/move/sprites/6.png
Failed to load sprite: /pieces/BB/states/short_rest/sprites/6.png
Failed to load sprite: /pieces/NB/states/idle/sprites/6.png
Failed to load sprite: /pieces/NB/states/jump/sprites/6.png
Failed to load sprite: /pieces/NB/states/long_rest/sprites/6.png
Failed to load sprite: /pieces/NB/states/move/sprites/6.png
Failed to load sprite: /pieces/NB/states/short_rest/sprites/6.png
Failed to load sprite: /pieces/RB/states/idle/sprites/6.png
Failed to load sprite: /pieces/RB/states/jump/sprites/6.png
Failed to load sprite: /pieces/RB/states/long_rest/sprites/6.png
Failed to load sprite: /pieces/RB/states/move/sprites/6.png
Failed to load sprite: /pieces/RB/states/short_rest/sprites/6.png
Failed to load sprite: /pieces/PB/states/idle/sprites/6.png
Failed to load sprite: /pieces/PB/states/jump/sprites/6.png
Failed to load sprite: /pieces/PB/states/long_rest/sprites/6.png
Failed to load sprite: /pieces/PB/states/move/sprites/6.png
Failed to load sprite: /pieces/PB/states/short_rest/sprites/6.png
Failed to load sprite: /pieces/PB/states/idle/sprites/6.png
Failed to load sprite: /pieces/PB/states/jump/sprites/6.png
Failed to load sprite: /pieces/PB/states/long_rest/sprites/6.png
Failed to load sprite: /pieces/PB/states/move/sprites/6.png
Failed to load sprite: /pieces/PB/states/short_rest/sprites/6.png
Failed to load sprite: /pieces/PB/states/idle/sprites/6.png
Failed to load sprite: /pieces/PB/states/jump/sprites/6.png
Failed to load sprite: /pieces/PB/states/long_rest/sprites/6.png
Failed to load sprite: /pieces/PB/states/move/sprites/6.png
Failed to load sprite: /pieces/PB/states/short_rest/sprites/6.png
Failed to load sprite: /pieces/PB/states/idle/sprites/6.png
Failed to load sprite: /pieces/PB/states/jump/sprites/6.png
Failed to load sprite: /pieces/PB/states/long_rest/sprites/6.png
Failed to load sprite: /pieces/PB/states/move/sprites/6.png
Failed to load sprite: /pieces/PB/states/short_rest/sprites/6.png
Failed to load sprite: /pieces/PB/states/idle/sprites/6.png
Failed to load sprite: /pieces/PB/states/jump/sprites/6.png
Failed to load sprite: /pieces/PB/states/long_rest/sprites/6.png
Failed to load sprite: /pieces/PB/states/move/sprites/6.png
Failed to load sprite: /pieces/PB/states/short_rest/sprites/6.png
Failed to load sprite: /pieces/PB/states/idle/sprites/6.png
Failed to load sprite: /pieces/PB/states/jump/sprites/6.png
Failed to load sprite: /pieces/PB/states/long_rest/sprites/6.png
Failed to load sprite: /pieces/PB/states/move/sprites/6.png
Failed to load sprite: /pieces/PB/states/short_rest/sprites/6.png
Failed to load sprite: /pieces/PB/states/idle/sprites/6.png
Failed to load sprite: /pieces/PB/states/jump/sprites/6.png
Failed to load sprite: /pieces/PB/states/long_rest/sprites/6.png
Failed to load sprite: /pieces/PB/states/move/sprites/6.png
Failed to load sprite: /pieces/PB/states/short_rest/sprites/6.png
Failed to load sprite: /pieces/PB/states/idle/sprites/6.png
Failed to load sprite: /pieces/PB/states/jump/sprites/6.png
Failed to load sprite: /pieces/PB/states/long_rest/sprites/6.png
Failed to load sprite: /pieces/PB/states/move/sprites/6.png
Failed to load sprite: /pieces/PB/states/short_rest/sprites/6.png
Failed to load sprite: /pieces/PW/states/idle/sprites/6.png
Failed to load sprite: /pieces/PW/states/jump/sprites/6.png
Failed to load sprite: /pieces/PW/states/long_rest/sprites/6.png
Failed to load sprite: /pieces/PW/states/move/sprites/6.png
Failed to load sprite: /pieces/PW/states/short_rest/sprites/6.png
Failed to load sprite: /pieces/PW/states/idle/sprites/6.png
Failed to load sprite: /pieces/PW/states/jump/sprites/6.png
Failed to load sprite: /pieces/PW/states/long_rest/sprites/6.png
Failed to load sprite: /pieces/PW/states/move/sprites/6.png
Failed to load sprite: /pieces/PW/states/short_rest/sprites/6.png
Failed to load sprite: /pieces/PW/states/idle/sprites/6.png
Failed to load sprite: /pieces/PW/states/jump/sprites/6.png
Failed to load sprite: /pieces/PW/states/long_rest/sprites/6.png
Failed to load sprite: /pieces/PW/states/move/sprites/6.png
Failed to load sprite: /pieces/PW/states/short_rest/sprites/6.png
Failed to load sprite: /pieces/PW/states/idle/sprites/6.png
Failed to load sprite: /pieces/PW/states/jump/sprites/6.png
Failed to load sprite: /pieces/PW/states/long_rest/sprites/6.png
Failed to load sprite: /pieces/PW/states/move/sprites/6.png
Failed to load sprite: /pieces/PW/states/short_rest/sprites/6.png
Failed to load sprite: /pieces/PW/states/idle/sprites/6.png
Failed to load sprite: /pieces/PW/states/jump/sprites/6.png
Failed to load sprite: /pieces/PW/states/long_rest/sprites/6.png
Failed to load sprite: /pieces/PW/states/move/sprites/6.png
Failed to load sprite: /pieces/PW/states/short_rest/sprites/6.png
Failed to load sprite: /pieces/PW/states/idle/sprites/6.png
Failed to load sprite: /pieces/PW/states/jump/sprites/6.png
Failed to load sprite: /pieces/PW/states/long_rest/sprites/6.png
Failed to load sprite: /pieces/PW/states/move/sprites/6.png
Failed to load sprite: /pieces/PW/states/short_rest/sprites/6.png
Failed to load sprite: /pieces/PW/states/idle/sprites/6.png
Failed to load sprite: /pieces/PW/states/jump/sprites/6.png
Failed to load sprite: /pieces/PW/states/long_rest/sprites/6.png
Failed to load sprite: /pieces/PW/states/move/sprites/6.png
Failed to load sprite: /pieces/PW/states/short_rest/sprites/6.png
Failed to load sprite: /pieces/PW/states/idle/sprites/6.png
Failed to load sprite: /pieces/PW/states/jump/sprites/6.png
Failed to load sprite: /pieces/PW/states/long_rest/sprites/6.png
Failed to load sprite: /pieces/PW/states/move/sprites/6.png
Failed to load sprite: /pieces/PW/states/short_rest/sprites/6.png
Failed to load sprite: /pieces/RW/states/idle/sprites/6.png
Failed to load sprite: /pieces/RW/states/jump/sprites/6.png
Failed to load sprite: /pieces/RW/states/long_rest/sprites/6.png
Failed to load sprite: /pieces/RW/states/move/sprites/6.png
Failed to load sprite: /pieces/RW/states/short_rest/sprites/6.png
Failed to load sprite: /pieces/NW/states/idle/sprites/6.png
Failed to load sprite: /pieces/NW/states/jump/sprites/6.png
Failed to load sprite: /pieces/NW/states/long_rest/sprites/6.png
Failed to load sprite: /pieces/NW/states/move/sprites/6.png
Failed to load sprite: /pieces/NW/states/short_rest/sprites/6.png
Failed to load sprite: /pieces/BW/states/idle/sprites/6.png
Failed to load sprite: /pieces/BW/states/jump/sprites/6.png
Failed to load sprite: /pieces/BW/states/long_rest/sprites/6.png
Failed to load sprite: /pieces/BW/states/move/sprites/6.png
Failed to load sprite: /pieces/BW/states/short_rest/sprites/6.png
Failed to load sprite: /pieces/KW/states/idle/sprites/6.png
Failed to load sprite: /pieces/KW/states/jump/sprites/6.png
Failed to load sprite: /pieces/KW/states/long_rest/sprites/6.png
Failed to load sprite: /pieces/KW/states/move/sprites/6.png
Failed to load sprite: /pieces/KW/states/short_rest/sprites/6.png
Failed to load sprite: /pieces/QW/states/idle/sprites/6.png
Failed to load sprite: /pieces/QW/states/jump/sprites/6.png
Failed to load sprite: /pieces/QW/states/long_rest/sprites/6.png
Failed to load sprite: /pieces/QW/states/move/sprites/6.png
Failed to load sprite: /pieces/QW/states/short_rest/sprites/6.png
Failed to load sprite: /pieces/BW/states/idle/sprites/6.png
Failed to load sprite: /pieces/BW/states/jump/sprites/6.png
Failed to load sprite: /pieces/BW/states/long_rest/sprites/6.png
Failed to load sprite: /pieces/BW/states/move/sprites/6.png
Failed to load sprite: /pieces/BW/states/short_rest/sprites/6.png
Failed to load sprite: /pieces/NW/states/idle/sprites/6.png
Failed to load sprite: /pieces/NW/states/jump/sprites/6.png
Failed to load sprite: /pieces/NW/states/long_rest/sprites/6.png
Failed to load sprite: /pieces/NW/states/move/sprites/6.png
Failed to load sprite: /pieces/NW/states/short_rest/sprites/6.png
Failed to load sprite: /pieces/RW/states/idle/sprites/6.png
Failed to load sprite: /pieces/RW/states/jump/sprites/6.png
Failed to load sprite: /pieces/RW/states/long_rest/sprites/6.png
Failed to load sprite: /pieces/RW/states/move/sprites/6.png
Failed to load sprite: /pieces/RW/states/short_rest/sprites/6.png
Initial game state setup
Moving from row: 1, col: 0 to row: 2, col: 1
Moving from row: 0, col: 0 to row: 5, col: 0
can not choose piece
long_rest animation finished
long_rest animation finished
Moving from row: 2, col: 1 to row: 3, col: 1
Moving from row: 1, col: 1 to row: 2, col: 1
Moving from row: 0, col: 1 to row: 2, col: 2
long_rest animation finished
long_rest animation finished
Illegal move from row: 0, col: 2 to row: 2, col: 3
long_rest animation finished
long_rest animation finished
Moving from row: 0, col: 2 to row: 1, col: 1
long_rest animation finished
long_rest animation finished
Moving from row: 3, col: 1 to row: 5, col: 1
Moving from row: 5, col: 0 to row: 6, col: 0
long_rest animation finished
long_rest animation finished
State: idle
Captured on landing: 6,0
long_rest animation finished
long_rest animation finished
Moving from row: 6, col: 1 to row: 5, col: 1
can not choose piece
long_rest animation finished
long_rest animation finished
long_rest animation finished
long_rest animation finished
State: idle
Captured on landing: 1,0
Moving from row: 6, col: 0 to row: 6, col: 2
long_rest animation finished
long_rest animation finished
State: idle
Captured on landing: 6,2
long_rest animation finished
long_rest animation finished
Moving from row: 6, col: 2 to row: 6, col: 3
State: jump
No capture: piece not jumping on landing
Jump animation finished, transitioning to: short_rest
Jump animation finished, transitioning to: short_rest
short_rest animation finished
short_rest animation finished
